<?xml version="1.0" encoding="UTF-8"?>
<!-- Generated by org.testng.reporters.JUnitReportReporter -->
<testsuite hostname="QSP" failures="0" tests="1" name="testScripts.AddingCourseTocart" time="18.266" errors="0" timestamp="2021-11-18T07:50:54 IST" skipped="0">
  <testcase classname="testScripts.AddingCourseTocart" name="tc1" time="18.266"/>
</testsuite> <!-- testScripts.AddingCourseTocart -->
